<?xml version="1.0" encoding="UTF-8"?>
<testsuite hostname="DayTripper.local" name="com.testng.coffeemachine.ProjectTest" tests="8" failures="0" timestamp="22 Feb 2016 15:37:49 GMT" time="0.043" errors="0">
  <testcase name="beansRunOutUid186d320e413b4ac697b47860ece64da9" time="0.003" classname="com.testng.coffeemachine.ProjectTest"/>
  <testcase name="fullGroundsDoesNotBlockCoffeeUide06952a328e34918899bb408596cac6c" time="0.001" classname="com.testng.coffeemachine.ProjectTest"/>
  <testcase name="messagesAreBasedOnLanguageEnglishUid4575ba395fa046e69637570f4f935bc2" time="0.001" classname="com.testng.coffeemachine.ProjectTest"/>
  <testcase name="messagesAreBasedOnLanguageFrenchUide2d71302d9064848b6e2af29c7e5117c" time="0.001" classname="com.testng.coffeemachine.ProjectTest"/>
  <testcase name="noMessagesAreDisplayedWhenMachineIsShutDownUid78707faf2f21450cb3acbb543192fdf4" time="0.001" classname="com.testng.coffeemachine.ProjectTest"/>
  <testcase name="simpleUseEnglishUid858d270d51854e2b82ba5ddfe219fe42" time="0.0" classname="com.testng.coffeemachine.ProjectTest"/>
  <testcase name="simpleUseFrenchUid373898f68647419d80deea6c3ccfb894" time="0.001" classname="com.testng.coffeemachine.ProjectTest"/>
  <testcase name="waterRunsAwayUid1cae567daeb34449b10c3457fbcf2661" time="0.001" classname="com.testng.coffeemachine.ProjectTest"/>
</testsuite>
