<?xml version="1.0" encoding="UTF-8" ?>
<testsuite failures="0" time="0.006" errors="0" skipped="0" tests="8" name="com.testng.coffeemachine.ProjectTest">
  <properties>
[...]
</properties>
  <testcase time="0.004" classname="com.testng.coffeemachine.ProjectTest" name="beansRunOutUid186d320e413b4ac697b47860ece64da9"/>
  <testcase time="0" classname="com.testng.coffeemachine.ProjectTest" name="fullGroundsDoesNotBlockCoffeeUide06952a328e34918899bb408596cac6c"/>
  <testcase time="0" classname="com.testng.coffeemachine.ProjectTest" name="messagesAreBasedOnLanguageEnglishUid4575ba395fa046e69637570f4f935bc2"/>
  <testcase time="0" classname="com.testng.coffeemachine.ProjectTest" name="messagesAreBasedOnLanguageFrenchUide2d71302d9064848b6e2af29c7e5117c"/>
  <testcase time="0" classname="com.testng.coffeemachine.ProjectTest" name="noMessagesAreDisplayedWhenMachineIsShutDownUid78707faf2f21450cb3acbb543192fdf4"/>
  <testcase time="0.001" classname="com.testng.coffeemachine.ProjectTest" name="simpleUseEnglishUid858d270d51854e2b82ba5ddfe219fe42"/>
  <testcase time="0.001" classname="com.testng.coffeemachine.ProjectTest" name="simpleUseFrenchUid373898f68647419d80deea6c3ccfb894"/>
  <testcase time="0" classname="com.testng.coffeemachine.ProjectTest" name="waterRunsAwayUid1cae567daeb34449b10c3457fbcf2661"/>
</testsuite>