<?xml version="1.0" encoding="UTF-8"?>
<testng-results skipped="0" failed="0" total="8" passed="8">
  <reporter-output>
  </reporter-output>
  <suite name="com.testng.coffeemachine.ProjectTest" duration-ms="43" started-at="2016-02-22T16:37:49Z" finished-at="2016-02-22T16:37:49Z">
    <groups>
    </groups>
    <test name="Command line test" duration-ms="43" started-at="2016-02-22T16:37:49Z" finished-at="2016-02-22T16:37:49Z">
      <class name="com.testng.coffeemachine.ProjectTest">
        <test-method status="PASS" signature="setUp()" name="setUp" is-config="true" duration-ms="12" started-at="2016-02-22T16:37:49Z" finished-at="2016-02-22T16:37:49Z">
        </test-method>
        <test-method status="PASS" signature="beansRunOutUid186d320e413b4ac697b47860ece64da9()" name="beansRunOutUid186d320e413b4ac697b47860ece64da9" duration-ms="3" started-at="2016-02-22T16:37:49Z" finished-at="2016-02-22T16:37:49Z">
        </test-method>
        <test-method status="PASS" signature="fullGroundsDoesNotBlockCoffeeUide06952a328e34918899bb408596cac6c()" name="fullGroundsDoesNotBlockCoffeeUide06952a328e34918899bb408596cac6c" duration-ms="1" started-at="2016-02-22T16:37:49Z" finished-at="2016-02-22T16:37:49Z">
        </test-method>
        <test-method status="PASS" signature="setUp()" name="setUp" is-config="true" duration-ms="0" started-at="2016-02-22T16:37:49Z" finished-at="2016-02-22T16:37:49Z">
        </test-method>
        <test-method status="PASS" signature="setUp()" name="setUp" is-config="true" duration-ms="0" started-at="2016-02-22T16:37:49Z" finished-at="2016-02-22T16:37:49Z">
        </test-method>
        <test-method status="PASS" signature="messagesAreBasedOnLanguageEnglishUid4575ba395fa046e69637570f4f935bc2()" name="messagesAreBasedOnLanguageEnglishUid4575ba395fa046e69637570f4f935bc2" duration-ms="1" started-at="2016-02-22T16:37:49Z" finished-at="2016-02-22T16:37:49Z">
        </test-method>
        <test-method status="PASS" signature="setUp()" name="setUp" is-config="true" duration-ms="0" started-at="2016-02-22T16:37:49Z" finished-at="2016-02-22T16:37:49Z">
        </test-method>
        <test-method status="PASS" signature="messagesAreBasedOnLanguageFrenchUide2d71302d9064848b6e2af29c7e5117c()" name="messagesAreBasedOnLanguageFrenchUide2d71302d9064848b6e2af29c7e5117c" duration-ms="1" started-at="2016-02-22T16:37:49Z" finished-at="2016-02-22T16:37:49Z">
        </test-method>
        <test-method status="PASS" signature="setUp()" name="setUp" is-config="true" duration-ms="0" started-at="2016-02-22T16:37:49Z" finished-at="2016-02-22T16:37:49Z">
        </test-method>
        <test-method status="PASS" signature="noMessagesAreDisplayedWhenMachineIsShutDownUid78707faf2f21450cb3acbb543192fdf4()" name="noMessagesAreDisplayedWhenMachineIsShutDownUid78707faf2f21450cb3acbb543192fdf4" duration-ms="1" started-at="2016-02-22T16:37:49Z" finished-at="2016-02-22T16:37:49Z">
        </test-method>
        <test-method status="PASS" signature="setUp()" name="setUp" is-config="true" duration-ms="1" started-at="2016-02-22T16:37:49Z" finished-at="2016-02-22T16:37:49Z">
        </test-method>
        <test-method status="PASS" signature="simpleUseEnglishUid858d270d51854e2b82ba5ddfe219fe42()" name="simpleUseEnglishUid858d270d51854e2b82ba5ddfe219fe42" duration-ms="0" started-at="2016-02-22T16:37:49Z" finished-at="2016-02-22T16:37:49Z">
        </test-method>
        <test-method status="PASS" signature="setUp()" name="setUp" is-config="true" duration-ms="0" started-at="2016-02-22T16:37:49Z" finished-at="2016-02-22T16:37:49Z">
        </test-method>
        <test-method status="PASS" signature="simpleUseFrenchUid373898f68647419d80deea6c3ccfb894()" name="simpleUseFrenchUid373898f68647419d80deea6c3ccfb894" duration-ms="1" started-at="2016-02-22T16:37:49Z" finished-at="2016-02-22T16:37:49Z">
        </test-method>
        <test-method status="PASS" signature="waterRunsAwayUid1cae567daeb34449b10c3457fbcf2661()" name="waterRunsAwayUid1cae567daeb34449b10c3457fbcf2661" duration-ms="1" started-at="2016-02-22T16:37:49Z" finished-at="2016-02-22T16:37:49Z">
        </test-method>
        <test-method status="PASS" signature="setUp()" name="setUp" is-config="true" duration-ms="0" started-at="2016-02-22T16:37:49Z" finished-at="2016-02-22T16:37:49Z">
        </test-method>
      </class>
    </test>
  </suite>
</testng-results>
